  Main.cpp
D:\Documentos\Github\Proyecto_CGeIHC\Code\Project\Project\Main.cpp(92,30): warning C4305: 'initializing': truncation from 'double' to 'float'
D:\Documentos\Github\Proyecto_CGeIHC\Code\Project\Project\Main.cpp(92,47): warning C4305: 'initializing': truncation from 'double' to 'float'
D:\Documentos\Github\Proyecto_CGeIHC\Code\Project\Project\Main.cpp(209,21): warning C4244: '=': conversion from 'double' to 'T', possible loss of data
          with
          [
              T=float
          ]
D:\Documentos\Github\Proyecto_CGeIHC\Code\Project\Project\Main.cpp(210,21): warning C4244: '=': conversion from 'double' to 'T', possible loss of data
          with
          [
              T=float
          ]
D:\Documentos\Github\Proyecto_CGeIHC\Code\Project\Project\Main.cpp(211,21): warning C4244: '=': conversion from 'double' to 'T', possible loss of data
          with
          [
              T=float
          ]
D:\Documentos\Github\Proyecto_CGeIHC\Code\Project\Project\Main.cpp(213,21): warning C4244: '=': conversion from 'double' to 'T', possible loss of data
          with
          [
              T=float
          ]
D:\Documentos\Github\Proyecto_CGeIHC\Code\Project\Project\Main.cpp(214,21): warning C4244: '=': conversion from 'double' to 'T', possible loss of data
          with
          [
              T=float
          ]
D:\Documentos\Github\Proyecto_CGeIHC\Code\Project\Project\Main.cpp(215,21): warning C4244: '=': conversion from 'double' to 'T', possible loss of data
          with
          [
              T=float
          ]
D:\Documentos\Github\Proyecto_CGeIHC\Code\Project\Project\Main.cpp(304,21): warning C4244: '=': conversion from 'double' to 'T', possible loss of data
          with
          [
              T=float
          ]
D:\Documentos\Github\Proyecto_CGeIHC\Code\Project\Project\Main.cpp(305,21): warning C4244: '=': conversion from 'double' to 'T', possible loss of data
          with
          [
              T=float
          ]
D:\Documentos\Github\Proyecto_CGeIHC\Code\Project\Project\Main.cpp(306,21): warning C4244: '=': conversion from 'double' to 'T', possible loss of data
          with
          [
              T=float
          ]
D:\Documentos\Github\Proyecto_CGeIHC\Code\Project\Project\Main.cpp(653,24): warning C4244: 'initializing': conversion from 'double' to 'GLfloat', possible loss of data
D:\Documentos\Github\Proyecto_CGeIHC\Code\Project\Project\Main.cpp(959,15): warning C4305: '+=': truncation from 'double' to 'float'
D:\Documentos\Github\Proyecto_CGeIHC\Code\Project\Project\Main.cpp(961,15): warning C4305: '-=': truncation from 'double' to 'float'
D:\Documentos\Github\Proyecto_CGeIHC\Code\Project\Project\Main.cpp(962,34): warning C4244: '=': conversion from 'double' to 'float', possible loss of data
D:\Documentos\Github\Proyecto_CGeIHC\Code\Project\Project\Main.cpp(1008,20): warning C4305: '-=': truncation from 'double' to 'float'
D:\Documentos\Github\Proyecto_CGeIHC\Code\Project\Project\Main.cpp(1104,11): warning C4244: '=': conversion from 'double' to 'GLfloat', possible loss of data
D:\Documentos\Github\Proyecto_CGeIHC\Code\Project\Project\Main.cpp(1105,11): warning C4244: '=': conversion from 'double' to 'GLfloat', possible loss of data
D:\Documentos\Github\Proyecto_CGeIHC\Code\Project\Project\Main.cpp(1109,18): warning C4244: 'initializing': conversion from 'double' to 'GLfloat', possible loss of data
D:\Documentos\Github\Proyecto_CGeIHC\Code\Project\Project\Main.cpp(1110,18): warning C4244: 'initializing': conversion from 'double' to 'GLfloat', possible loss of data
D:\Documentos\Github\Proyecto_CGeIHC\Code\Project\Project\Main.cpp(1112,10): warning C4244: '=': conversion from 'double' to 'GLfloat', possible loss of data
D:\Documentos\Github\Proyecto_CGeIHC\Code\Project\Project\Main.cpp(1113,10): warning C4244: '=': conversion from 'double' to 'GLfloat', possible loss of data
D:\Documentos\Github\Proyecto_CGeIHC\Code\Project\Project\Main.cpp(1142,44): warning C4244: 'argument': conversion from 'double' to 'GLfloat', possible loss of data
D:\Documentos\Github\Proyecto_CGeIHC\Code\Project\Project\Main.cpp(1146,45): warning C4244: 'argument': conversion from 'double' to 'GLfloat', possible loss of data
D:\Documentos\Github\Proyecto_CGeIHC\Code\Project\Project\Main.cpp(1150,41): warning C4244: 'argument': conversion from 'double' to 'GLfloat', possible loss of data
D:\Documentos\Github\Proyecto_CGeIHC\Code\Project\Project\Main.cpp(1154,42): warning C4244: 'argument': conversion from 'double' to 'GLfloat', possible loss of data
D:\Documentos\Github\Proyecto_CGeIHC\Code\Project\Project\Main.cpp(1161,14): warning C4305: '+=': truncation from 'double' to 'float'
D:\Documentos\Github\Proyecto_CGeIHC\Code\Project\Project\Main.cpp(1162,14): warning C4305: '+=': truncation from 'double' to 'float'
D:\Documentos\Github\Proyecto_CGeIHC\Code\Project\Project\Main.cpp(1163,14): warning C4305: '+=': truncation from 'double' to 'float'
D:\Documentos\Github\Proyecto_CGeIHC\Code\Project\Project\Main.cpp(1170,14): warning C4305: '-=': truncation from 'double' to 'float'
D:\Documentos\Github\Proyecto_CGeIHC\Code\Project\Project\Main.cpp(1171,14): warning C4305: '-=': truncation from 'double' to 'float'
D:\Documentos\Github\Proyecto_CGeIHC\Code\Project\Project\Main.cpp(1172,14): warning C4305: '-=': truncation from 'double' to 'float'
  Project.vcxproj -> D:\Documentos\Github\Proyecto_CGeIHC\Code\Project\Debug\Project.exe
